mode: set
PaymentSystem/iternal/balance_db/balance_db.go:11.55,14.16 3 0
PaymentSystem/iternal/balance_db/balance_db.go:14.16,16.3 1 0
PaymentSystem/iternal/balance_db/balance_db.go:17.2,17.28 1 0
PaymentSystem/iternal/balance_db/balance_db.go:19.58,20.132 1 0
PaymentSystem/iternal/balance_db/balance_db.go:20.132,22.3 1 0
PaymentSystem/iternal/balance_db/balance_db.go:23.2,23.12 1 0
PaymentSystem/config/config.go:15.24,19.2 3 0
PaymentSystem/config/config.go:20.28,22.16 2 0
PaymentSystem/config/config.go:22.16,26.3 1 0
PaymentSystem/config/config.go:27.2,29.16 3 0
PaymentSystem/config/config.go:29.16,33.3 1 0
PaymentSystem/config/config.go:34.2,35.16 2 0
PaymentSystem/cmd/main.go:12.13,16.16 4 0
PaymentSystem/cmd/main.go:16.16,20.3 1 0
PaymentSystem/cmd/main.go:21.2,28.34 3 0
PaymentSystem/cmd/main.go:28.34,32.3 1 0
PaymentSystem/iternal/handlers/balance.go:13.47,19.54 2 0
PaymentSystem/iternal/handlers/balance.go:19.54,23.17 4 0
PaymentSystem/iternal/handlers/balance.go:23.17,29.4 3 0
PaymentSystem/iternal/handlers/balance.go:30.3,31.17 2 0
PaymentSystem/iternal/handlers/balance.go:31.17,37.4 3 0
PaymentSystem/iternal/handlers/balance.go:38.3,39.17 2 0
PaymentSystem/iternal/handlers/balance.go:39.17,45.4 3 0
PaymentSystem/iternal/handlers/balance.go:46.3,46.51 1 0
PaymentSystem/iternal/handlers/balance.go:46.51,52.4 3 0
PaymentSystem/iternal/handlers/balance.go:53.3,53.31 1 0
PaymentSystem/iternal/handlers/login.go:14.49,19.54 2 0
PaymentSystem/iternal/handlers/login.go:19.54,23.17 4 0
PaymentSystem/iternal/handlers/login.go:23.17,29.4 3 0
PaymentSystem/iternal/handlers/login.go:30.3,31.17 2 0
PaymentSystem/iternal/handlers/login.go:31.17,37.4 3 0
PaymentSystem/iternal/handlers/login.go:38.3,38.74 1 0
PaymentSystem/iternal/handlers/login.go:38.74,44.4 3 0
PaymentSystem/iternal/handlers/login.go:45.3,46.18 2 0
PaymentSystem/iternal/handlers/login.go:46.18,53.4 4 0
PaymentSystem/iternal/handlers/login.go:54.3,55.17 2 0
PaymentSystem/iternal/handlers/login.go:55.17,60.4 2 0
PaymentSystem/iternal/handlers/login.go:61.3,61.31 1 0
PaymentSystem/iternal/handlers/register.go:13.45,18.54 2 0
PaymentSystem/iternal/handlers/register.go:18.54,22.17 4 0
PaymentSystem/iternal/handlers/register.go:22.17,28.4 3 0
PaymentSystem/iternal/handlers/register.go:29.3,30.45 2 0
PaymentSystem/iternal/handlers/register.go:30.46,31.4 0 0
PaymentSystem/iternal/handlers/register.go:31.9,31.24 1 0
PaymentSystem/iternal/handlers/register.go:31.24,37.4 3 0
PaymentSystem/iternal/handlers/register.go:38.3,39.17 2 0
PaymentSystem/iternal/handlers/register.go:39.17,45.4 3 0
PaymentSystem/iternal/handlers/register.go:46.3,46.62 1 0
PaymentSystem/iternal/handlers/register.go:46.62,52.4 3 0
PaymentSystem/iternal/handlers/register.go:53.3,53.31 1 0
PaymentSystem/iternal/handlers/transactions.go:16.52,30.54 3 0
PaymentSystem/iternal/handlers/transactions.go:30.54,34.17 4 0
PaymentSystem/iternal/handlers/transactions.go:34.17,40.4 3 0
PaymentSystem/iternal/handlers/transactions.go:41.3,42.17 2 0
PaymentSystem/iternal/handlers/transactions.go:42.17,47.4 2 0
PaymentSystem/iternal/handlers/transactions.go:48.3,50.17 3 0
PaymentSystem/iternal/handlers/transactions.go:50.17,56.4 3 0
PaymentSystem/iternal/handlers/transactions.go:57.3,58.17 2 0
PaymentSystem/iternal/handlers/transactions.go:58.17,64.4 3 0
PaymentSystem/iternal/handlers/transactions.go:65.3,65.44 1 0
PaymentSystem/iternal/handlers/transactions.go:65.44,67.4 1 0
PaymentSystem/iternal/handlers/transactions.go:68.3,68.31 1 0
PaymentSystem/iternal/handlers/transactions.go:71.53,78.54 2 0
PaymentSystem/iternal/handlers/transactions.go:78.54,82.17 4 0
PaymentSystem/iternal/handlers/transactions.go:82.17,88.4 3 0
PaymentSystem/iternal/handlers/transactions.go:89.3,90.17 2 0
PaymentSystem/iternal/handlers/transactions.go:90.17,96.4 3 0
PaymentSystem/iternal/handlers/transactions.go:97.3,99.17 3 0
PaymentSystem/iternal/handlers/transactions.go:99.17,105.4 3 0
PaymentSystem/iternal/handlers/transactions.go:106.3,106.103 1 0
PaymentSystem/iternal/handlers/transactions.go:106.103,112.4 3 0
PaymentSystem/iternal/handlers/transactions.go:114.3,114.65 1 0
PaymentSystem/iternal/handlers/transactions.go:114.65,120.4 3 0
PaymentSystem/iternal/handlers/transactions.go:121.3,121.36 1 0
PaymentSystem/iternal/jwt_auth/jwt/jwt.go:8.39,14.2 3 1
PaymentSystem/iternal/jwt_auth/jwt/jwt.go:15.51,17.97 2 1
PaymentSystem/iternal/jwt_auth/jwt/jwt.go:17.97,18.58 1 1
PaymentSystem/iternal/jwt_auth/jwt/jwt.go:18.58,20.4 1 0
PaymentSystem/iternal/jwt_auth/jwt/jwt.go:21.3,21.31 1 1
PaymentSystem/iternal/jwt_auth/jwt/jwt.go:23.2,23.16 1 1
PaymentSystem/iternal/jwt_auth/jwt/jwt.go:23.16,25.3 1 0
PaymentSystem/iternal/jwt_auth/jwt/jwt.go:26.2,27.9 2 1
PaymentSystem/iternal/jwt_auth/jwt/jwt.go:27.9,29.3 1 0
PaymentSystem/iternal/jwt_auth/jwt/jwt.go:30.2,30.19 1 1
PaymentSystem/iternal/jwt_auth/hash/hash.go:5.52,8.2 2 1
PaymentSystem/iternal/jwt_auth/hash/hash.go:9.50,11.2 1 1
PaymentSystem/iternal/transactions_db/transactions_db.go:23.78,26.2 2 1
PaymentSystem/iternal/transactions_db/transactions_db.go:27.88,29.24 2 1
PaymentSystem/iternal/transactions_db/transactions_db.go:29.24,31.3 1 1
PaymentSystem/iternal/transactions_db/transactions_db.go:32.2,32.25 1 1
PaymentSystem/iternal/transactions_db/transactions_db.go:32.25,34.3 1 0
PaymentSystem/iternal/transactions_db/transactions_db.go:35.2,35.29 1 1
PaymentSystem/iternal/transactions_db/transactions_db.go:35.29,37.3 1 1
PaymentSystem/iternal/transactions_db/transactions_db.go:38.2,38.27 1 1
PaymentSystem/iternal/transactions_db/transactions_db.go:38.27,40.3 1 1
PaymentSystem/iternal/transactions_db/transactions_db.go:41.2,41.25 1 1
PaymentSystem/iternal/transactions_db/transactions_db.go:41.25,43.3 1 1
PaymentSystem/iternal/transactions_db/transactions_db.go:44.2,44.22 1 1
PaymentSystem/iternal/transactions_db/transactions_db.go:44.22,46.3 1 1
PaymentSystem/iternal/transactions_db/transactions_db.go:47.2,49.56 3 1
PaymentSystem/iternal/transactions_db/transactions_db.go:49.56,51.3 1 0
PaymentSystem/iternal/transactions_db/transactions_db.go:52.2,52.26 1 1
PaymentSystem/server/server.go:19.30,26.2 6 0
PaymentSystem/iternal/users_db/users_db.go:11.55,12.89 1 1
PaymentSystem/iternal/users_db/users_db.go:12.89,14.3 1 1
PaymentSystem/iternal/users_db/users_db.go:15.2,15.12 1 1
PaymentSystem/iternal/users_db/users_db.go:17.64,18.105 1 1
PaymentSystem/iternal/users_db/users_db.go:18.105,20.3 1 0
PaymentSystem/iternal/users_db/users_db.go:21.2,21.12 1 1
PaymentSystem/iternal/users_db/users_db.go:23.65,25.86 2 1
PaymentSystem/iternal/users_db/users_db.go:25.86,27.3 1 1
PaymentSystem/iternal/users_db/users_db.go:28.2,28.27 1 1
PaymentSystem/iternal/users_db/users_db.go:30.59,32.86 2 1
PaymentSystem/iternal/users_db/users_db.go:32.86,34.3 1 1
PaymentSystem/iternal/users_db/users_db.go:35.2,35.21 1 1
PaymentSystem/storage/storage.go:29.32,31.16 2 1
PaymentSystem/storage/storage.go:31.16,33.3 1 0
PaymentSystem/storage/storage.go:34.2,34.49 1 1
PaymentSystem/storage/storage.go:34.49,36.3 1 0
PaymentSystem/storage/storage.go:37.2,37.56 1 1
PaymentSystem/storage/storage.go:37.56,39.3 1 0
PaymentSystem/storage/storage.go:40.2,40.50 1 1
PaymentSystem/storage/storage.go:40.50,42.3 1 0
PaymentSystem/storage/storage.go:43.2,43.16 1 1
